<?xml version="1.0" encoding="UTF-8"?>
<!-- Generated by org.testng.reporters.JUnitReportReporter -->
<testsuite hostname="DESKTOP-2L7QON7" failures="0" tests="2" name="com.app.tests.AppTests" time="20.548" errors="0" timestamp="2023-07-20T20:44:20 IST" skipped="0">
  <testcase classname="com.app.tests.AppTests" name="verifyLandingPage" time="5.138"/>
  <system-out/>
  <testcase classname="com.app.tests.AppTests" name="verifySignup" time="15.410"/>
  <system-out/>
</testsuite> <!-- com.app.tests.AppTests -->
