<?xml version="1.0" encoding="UTF-8"?>
<!-- Generated by org.testng.reporters.JUnitReportReporter -->
<testsuite hostname="DESKTOP-2L7QON7" failures="0" tests="2" name="com.app.tests.AppTests" time="0.013" errors="0" timestamp="2023-07-19T20:17:59 IST" skipped="0">
  <testcase classname="com.app.tests.AppTests" name="verifySignup" time="0.008"/>
  <system-out/>
  <testcase classname="com.app.tests.AppTests" name="verifyLandingPage" time="0.005"/>
  <system-out/>
</testsuite> <!-- com.app.tests.AppTests -->
